<?xml version="1.0" encoding="UTF-8"?>
<!-- Generated by org.testng.reporters.JUnitReportReporter -->
<testsuite hostname="DESKTOP-M4FQ76D" failures="0" tests="1" name="project.Luma" time="55.876" errors="0" timestamp="2024-06-17T18:13:10 IST" skipped="0">
  <testcase classname="project.Luma" name="f1" time="55.876"/>
</testsuite> <!-- project.Luma -->
