<?xml version="1.0" encoding="UTF-8"?>
<!-- Generated by org.testng.reporters.JUnitReportReporter -->
<testsuite hostname="DESKTOP-M4FQ76D" failures="0" tests="1" name="Module3.DataprovidersDemo" time="6.515" errors="0" timestamp="2024-05-28T19:21:19 IST" skipped="0">
  <testcase classname="Module3.DataprovidersDemo" name="f" time="6.515"/>
  <system-out/>
</testsuite> <!-- Module3.DataprovidersDemo -->
